use boolshop
set names utf8
select cat_id,cat_name,parent_id from category
use boolshop
set names utf8
select cat_id,cat_name,parent_id from category
use boolshop
set names utf8
select cat_id,cat_name,parent_id from category
use boolshop
set names utf8
insert into category (cat_name,parent_id,intro) values ('衣服','0','男装')
use boolshop
set names utf8
select * from goods where is_delete=0
use boolshop
set names utf8
select cat_id,cat_name,parent_id from category
use boolshop
set names utf8
select cat_id,cat_name,parent_id from category
use boolshop
set names utf8
select cat_id,cat_name,parent_id from category
use boolshop
set names utf8
insert into category (cat_name,parent_id,intro) values ('衣服','0','男装')
use boolshop
set names utf8
select * from goods where is_delete=0
use boolshop
set names utf8
select * from goods where is_delete=0
use boolshop
set names utf8
select * from goods where is_delete=0
use boolshop
set names utf8
select * from goods where is_delete=0
use boolshop
set names utf8
select * from goods where is_delete=0
use boolshop
set names utf8
select cat_id,cat_name,parent_id from category
use boolshop
set names utf8
select cat_id,cat_name,parent_id from category
use boolshop
set names utf8
select cat_id,cat_name,parent_id from category
use boolshop
set names utf8
select * from goods where is_delete=0
use boolshop
set names utf8
select * from goods where is_delete=0
use boolshop
set names utf8
select cat_id,cat_name,parent_id from category
use boolshop
set names utf8
select cat_id,cat_name,parent_id from category
use boolshop
set names utf8
select * from goods where is_delete=0
use boolshop
set names utf8
select cat_id,cat_name,parent_id from category
use boolshop
set names utf8
select cat_id,cat_name,parent_id from category
use boolshop
set names utf8
select cat_id,cat_name,parent_id from category
use boolshop
set names utf8
select * from goods where is_delete=0
use boolshop
set names utf8
select cat_id,cat_name,parent_id from category
use boolshop
set names utf8
select cat_id,cat_name,parent_id from category
use boolshop
set names utf8
select * from goods where is_delete=0
